2019-11-02 10:29:34,223 - start_pytomo.py:1252 - CRITICAL - Log level set to DEBUG
2019-11-02 10:29:34,224 - start_pytomo.py:1259 - CRITICAL - snmp_pytomoIpCount: .1.3.6.1.3.53.5.9.3.1.1.2
2019-11-02 10:29:34,224 - start_pytomo.py:1259 - CRITICAL - snmp_pytomoBufferingDuration: .1.3.6.1.3.53.5.9.2.1.1.23
2019-11-02 10:29:34,224 - start_pytomo.py:1259 - CRITICAL - snmp_pytomoCacheUrl: .1.3.6.1.3.53.5.9.2.1.1.4
2019-11-02 10:29:34,224 - start_pytomo.py:1259 - CRITICAL - snmp_pytomoPingMax: .1.3.6.1.3.53.5.9.2.1.1.12
2019-11-02 10:29:34,224 - start_pytomo.py:1259 - CRITICAL - HTTP_REDIRECT_SWITCH_PROXY: 306
2019-11-02 10:29:34,224 - start_pytomo.py:1259 - CRITICAL - DELAY_BETWEEN_REQUESTS: 10
2019-11-02 10:29:34,224 - start_pytomo.py:1259 - CRITICAL - MAX_NB_TRIES_ENCODING: 9
2019-11-02 10:29:34,224 - start_pytomo.py:1259 - CRITICAL - RRD_DIR: rrds
2019-11-02 10:29:34,224 - start_pytomo.py:1259 - CRITICAL - INPUT_FILE: None
2019-11-02 10:29:34,224 - start_pytomo.py:1259 - CRITICAL - DOWNLOAD_TIME: 30.0
2019-11-02 10:29:34,224 - start_pytomo.py:1259 - CRITICAL - HTTP_REDIRECT_MOVED_PERMANENTLY: 301
2019-11-02 10:29:34,224 - start_pytomo.py:1259 - CRITICAL - snmp_pytomoResolver: .1.3.6.1.3.53.5.9.2.1.1.7
2019-11-02 10:29:34,224 - start_pytomo.py:1259 - CRITICAL - snmp_pytomoCacheServerDelay: .1.3.6.1.3.53.5.9.2.1.1.5
2019-11-02 10:29:34,224 - start_pytomo.py:1259 - CRITICAL - CRITICAL: 50
2019-11-02 10:29:34,224 - start_pytomo.py:1259 - CRITICAL - snmp_pytomoVideoDuration: .1.3.6.1.3.53.5.9.2.1.1.15
2019-11-02 10:29:34,224 - start_pytomo.py:1259 - CRITICAL - SEP_LINE: ################################################################################
2019-11-02 10:29:34,224 - start_pytomo.py:1259 - CRITICAL - BATCH_MODE: False
2019-11-02 10:29:34,224 - start_pytomo.py:1259 - CRITICAL - snmp_pytomoContact: .1.3.6.1.3.53.5.9.1.3
2019-11-02 10:29:34,224 - start_pytomo.py:1259 - CRITICAL - NAME_TO_LEVEL: {'DEBUG': 10, 'INFO': 20, 'WARNING': 30, 'CRITICAL': 50, 'ERROR': 40}
2019-11-02 10:29:34,224 - start_pytomo.py:1259 - CRITICAL - snmp_pytomoSleepTime: .1.3.6.1.3.53.5.9.1.5
2019-11-02 10:29:34,224 - start_pytomo.py:1259 - CRITICAL - DOWNLOADED_BY_IP: {}
2019-11-02 10:29:34,224 - start_pytomo.py:1259 - CRITICAL - INITIAL_PLAYBACK_DURATION: 2000
2019-11-02 10:29:34,224 - start_pytomo.py:1259 - CRITICAL - snmp_pytomoDownloadInterruptions: .1.3.6.1.3.53.5.9.2.1.1.19
2019-11-02 10:29:34,225 - start_pytomo.py:1259 - CRITICAL - CENTRALISATION_SERVER: pytomo.dtdns.net
2019-11-02 10:29:34,225 - start_pytomo.py:1259 - CRITICAL - NB_DOWNLOAD_VALUES: 15
2019-11-02 10:29:34,225 - start_pytomo.py:1259 - CRITICAL - snmp_pytomoAddressIp: .1.3.6.1.3.53.5.9.2.1.1.6
2019-11-02 10:29:34,225 - start_pytomo.py:1259 - CRITICAL - HTTP_REDIRECT_TEMPORARY_REDIRECT: 307
2019-11-02 10:29:34,225 - start_pytomo.py:1259 - CRITICAL - IPADDR_TIMEOUT: 5
2019-11-02 10:29:34,225 - start_pytomo.py:1259 - CRITICAL - LOG_PUBLIC_IP: True
2019-11-02 10:29:34,225 - start_pytomo.py:1259 - CRITICAL - MAX_ROUND_DURATION: 600
2019-11-02 10:29:34,225 - start_pytomo.py:1259 - CRITICAL - HTTP_REDIRECT_CODE_LIST: (300, 301, 302, 303, 304, 305, 306, 307, 308)
2019-11-02 10:29:34,225 - start_pytomo.py:1259 - CRITICAL - MAX_ROUNDS: 10000
2019-11-02 10:29:34,225 - start_pytomo.py:1259 - CRITICAL - snmp_pytomoVideoLength: .1.3.6.1.3.53.5.9.2.1.1.16
2019-11-02 10:29:34,225 - start_pytomo.py:1259 - CRITICAL - RRD_FILE: pytomo.rrd
2019-11-02 10:29:34,225 - start_pytomo.py:1259 - CRITICAL - OPEN_DNS: ('open_dns', '208.67.220.220')
2019-11-02 10:29:34,225 - start_pytomo.py:1259 - CRITICAL - LOOP: True
2019-11-02 10:29:34,225 - start_pytomo.py:1259 - CRITICAL - DATABASE_DIR: databases
2019-11-02 10:29:34,225 - start_pytomo.py:1259 - CRITICAL - AS_IDX: 8
2019-11-02 10:29:34,225 - start_pytomo.py:1259 - CRITICAL - snmp_pytomoDescr: .1.3.6.1.3.53.5.9.1.2
2019-11-02 10:29:34,225 - start_pytomo.py:1259 - CRITICAL - HTTP_REDIRECT_MULTIPLE_CHOICES: 300
2019-11-02 10:29:34,225 - start_pytomo.py:1259 - CRITICAL - BlackListException: <class 'pytomo.config_pytomo.BlackListException'>
2019-11-02 10:29:34,225 - start_pytomo.py:1259 - CRITICAL - snmp_pytomoPlaybackDuration: .1.3.6.1.3.53.5.9.2.1.1.24
2019-11-02 10:29:34,225 - start_pytomo.py:1259 - CRITICAL - RESULT_FILE: None
2019-11-02 10:29:34,225 - start_pytomo.py:1259 - CRITICAL - snmp_pytomoObjectName: .1.3.6.1.3.53.5.9.1.1
2019-11-02 10:29:34,225 - start_pytomo.py:1259 - CRITICAL - TABLE_TIMESTAMP: None
2019-11-02 10:29:34,225 - start_pytomo.py:1259 - CRITICAL - snmp_pytomoDescr_str: Pytomo  is a YouTube crawler designed to figure out network information out of YouTube video download
2019-11-02 10:29:34,225 - start_pytomo.py:1259 - CRITICAL - STATS_IDX: (2, 0, 1, 3, 4, 5, 6, 7, 8, 9, 10, 11, 12, 13, 14, 15, 16, 17, 18, 19, 20, 21, 22, 23, 24, 25, 26, 27, 28)
2019-11-02 10:29:34,225 - start_pytomo.py:1259 - CRITICAL - snmp_pytomoVideoType: .1.3.6.1.3.53.5.9.2.1.1.14
2019-11-02 10:29:34,226 - start_pytomo.py:1259 - CRITICAL - RTT: None
2019-11-02 10:29:34,226 - start_pytomo.py:1259 - CRITICAL - MAX_CRAWLED_URLS: 10000
2019-11-02 10:29:34,226 - start_pytomo.py:1259 - CRITICAL - WARNING: 30
2019-11-02 10:29:34,226 - start_pytomo.py:1259 - CRITICAL - LOG_DIR: logs
2019-11-02 10:29:34,226 - start_pytomo.py:1259 - CRITICAL - snmp_pytomoEncodingRate: .1.3.6.1.3.53.5.9.2.1.1.17
2019-11-02 10:29:34,226 - start_pytomo.py:1259 - CRITICAL - snmp_pytomoRedirectUrl: .1.3.6.1.3.53.5.9.2.1.1.28
2019-11-02 10:29:34,226 - start_pytomo.py:1259 - CRITICAL - EXTRA_COUNTRY: None
2019-11-02 10:29:34,226 - start_pytomo.py:1259 - CRITICAL - IMAGE_DIR: plots
2019-11-02 10:29:34,226 - start_pytomo.py:1259 - CRITICAL - MIN_PLAYOUT_RESTART: 1.0
2019-11-02 10:29:34,226 - start_pytomo.py:1259 - CRITICAL - EXTRA_NAME_SERVERS_CC: []
2019-11-02 10:29:34,226 - start_pytomo.py:1259 - CRITICAL - AS_URL_TIMEOUT: 15
2019-11-02 10:29:34,226 - start_pytomo.py:1259 - CRITICAL - LEVEL_TO_NAME: {40: 'ERROR', 10: 'DEBUG', 20: 'INFO', 50: 'CRITICAL', 30: 'WARNING'}
2019-11-02 10:29:34,226 - start_pytomo.py:1259 - CRITICAL - NB_RELATED_VALUES: 2
2019-11-02 10:29:34,226 - start_pytomo.py:1259 - CRITICAL - snmp_pytomoResolveTime: .1.3.6.1.3.53.5.9.2.1.1.8
2019-11-02 10:29:34,226 - start_pytomo.py:1259 - CRITICAL - ERROR: 40
2019-11-02 10:29:34,226 - start_pytomo.py:1259 - CRITICAL - DEBUG: 10
2019-11-02 10:29:34,226 - start_pytomo.py:1259 - CRITICAL - snmp_pytomoBufferDurationAtEnd: .1.3.6.1.3.53.5.9.2.1.1.25
2019-11-02 10:29:34,226 - start_pytomo.py:1259 - CRITICAL - GOOGLE_PUBLIC_DNS: ('google_public_dns', '8.8.8.8')
2019-11-02 10:29:34,226 - start_pytomo.py:1259 - CRITICAL - DATABASE_TIMESTAMP: None
2019-11-02 10:29:34,226 - start_pytomo.py:1259 - CRITICAL - ROOT_OID: .1.3.6.1.3.53.5.9
2019-11-02 10:29:34,226 - start_pytomo.py:1259 - CRITICAL - TS_IDX: 0
2019-11-02 10:29:34,226 - start_pytomo.py:1259 - CRITICAL - PROVIDER: 
2019-11-02 10:29:34,226 - start_pytomo.py:1259 - CRITICAL - PROXIES: None
2019-11-02 10:29:34,226 - start_pytomo.py:1259 - CRITICAL - BLACK_LISTED: das_captcha
2019-11-02 10:29:34,226 - start_pytomo.py:1259 - CRITICAL - snmp_pytomoDownloadTime: .1.3.6.1.3.53.5.9.2.1.1.13
2019-11-02 10:29:34,226 - start_pytomo.py:1259 - CRITICAL - snmp_pytomoUrlStats: .1.3.6.1.3.53.5.9.2.1.1
2019-11-02 10:29:34,227 - start_pytomo.py:1259 - CRITICAL - DEMO: False
2019-11-02 10:29:34,227 - start_pytomo.py:1259 - CRITICAL - CRAWLED_URLS_MODULO: 5
2019-11-02 10:29:34,227 - start_pytomo.py:1259 - CRITICAL - snmp_pytomoInitialData: .1.3.6.1.3.53.5.9.2.1.1.20
2019-11-02 10:29:34,227 - start_pytomo.py:1259 - CRITICAL - snmp_pytomoASCount: .1.3.6.1.3.53.5.9.4.1.1.2
2019-11-02 10:29:34,227 - start_pytomo.py:1259 - CRITICAL - snmp_pytomoGblStats: .1.3.6.1.3.53.5.9.1
2019-11-02 10:29:34,227 - start_pytomo.py:1259 - CRITICAL - snmp_pytomoIpName: .1.3.6.1.3.53.5.9.3.1.1.1
2019-11-02 10:29:34,227 - start_pytomo.py:1259 - CRITICAL - URL_TIMEOUT: 5
2019-11-02 10:29:34,227 - start_pytomo.py:1259 - CRITICAL - STATIC_URL_LIST: []
2019-11-02 10:29:34,227 - start_pytomo.py:1259 - CRITICAL - NB_FIELDS: 28
2019-11-02 10:29:34,227 - start_pytomo.py:1259 - CRITICAL - RELATED: False
2019-11-02 10:29:34,227 - start_pytomo.py:1259 - CRITICAL - NB_PING_VALUES: 3
2019-11-02 10:29:34,227 - start_pytomo.py:1259 - CRITICAL - CRAWL_SERVICE: youtube
2019-11-02 10:29:34,227 - start_pytomo.py:1259 - CRITICAL - TABLE: pytomo_crawl
2019-11-02 10:29:34,227 - start_pytomo.py:1259 - CRITICAL - DNS_TIMEOUT: 4.0
2019-11-02 10:29:34,227 - start_pytomo.py:1259 - CRITICAL - DOC_DIR: templates/doc/
2019-11-02 10:29:34,227 - start_pytomo.py:1259 - CRITICAL - COLUMN_NAMES: ['DownloadBytes', 'MaxInstantThp']
2019-11-02 10:29:34,227 - start_pytomo.py:1259 - CRITICAL - snmp_pytomoASStats: .1.3.6.1.3.53.5.9.4.1.1
2019-11-02 10:29:34,227 - start_pytomo.py:1259 - CRITICAL - MAX_PER_PAGE: 10
2019-11-02 10:29:34,227 - start_pytomo.py:1259 - CRITICAL - IP_IDX: 5
2019-11-02 10:29:34,227 - start_pytomo.py:1259 - CRITICAL - USER_INPUT_TIMEOUT: 10
2019-11-02 10:29:34,227 - start_pytomo.py:1259 - CRITICAL - TIME_FRAME: today
2019-11-02 10:29:34,227 - start_pytomo.py:1259 - CRITICAL - STD_HEADERS: {'Accept-Charset': 'ISO-8859-1,utf-8;q=0.7,*;q=0.7', 'Cookie': 'YSC=h9wy7hcXxIo; VISITOR_INFO1_LIVE=d5TlLfzb2K0; PREF=f1=50000000; s_gl=1d69aac621b2f9c0a25dade722d6e24bcwIAAABVUw==', 'Accept-Language': 'en-us,en;q=0.5', 'Accept': 'text/html,application/xhtml+xml,application/xml;q=0.9,*/*;q=0.8', 'User-Agent': 'Mozilla/5.0 (X11; U; Linux x86_64; en-US; rv:10.0)     Gecko/20100101 Firefox/10.0'}
2019-11-02 10:29:34,227 - start_pytomo.py:1259 - CRITICAL - snmp_pytomoASName: .1.3.6.1.3.53.5.9.4.1.1.1
2019-11-02 10:29:34,228 - start_pytomo.py:1259 - CRITICAL - snmp_pytomoAsNumber: .1.3.6.1.3.53.5.9.2.1.1.9
2019-11-02 10:29:34,228 - start_pytomo.py:1259 - CRITICAL - IMAGE_FILE: pytomo_image.png
2019-11-02 10:29:34,228 - start_pytomo.py:1259 - CRITICAL - FREQ_FULL_DOWNLOAD: None
2019-11-02 10:29:34,228 - start_pytomo.py:1259 - CRITICAL - WEB_DEFAULT_PORT: 5555
2019-11-02 10:29:34,228 - start_pytomo.py:1259 - CRITICAL - INFO: 20
2019-11-02 10:29:34,228 - start_pytomo.py:1259 - CRITICAL - PLOT: False
2019-11-02 10:29:34,228 - start_pytomo.py:1259 - CRITICAL - HTTP_REDIRECT_PERMANENT_REDIRECT: 308
2019-11-02 10:29:34,228 - start_pytomo.py:1259 - CRITICAL - DOWNLOAD_FROM_EXTRA_IPS: False
2019-11-02 10:29:34,228 - start_pytomo.py:1259 - CRITICAL - DATABASE: pytomo_database.db
2019-11-02 10:29:34,228 - start_pytomo.py:1259 - CRITICAL - EXTRA_NAME_SERVERS: [('google_public_dns', '8.8.8.8'), ('open_dns', '208.67.220.220')]
2019-11-02 10:29:34,228 - start_pytomo.py:1259 - CRITICAL - SNMP: False
2019-11-02 10:29:34,228 - start_pytomo.py:1259 - CRITICAL - snmp_pytomoIpStats: .1.3.6.1.3.53.5.9.3.1.1
2019-11-02 10:29:34,228 - start_pytomo.py:1259 - CRITICAL - INITIAL_BUFFER: 2.0
2019-11-02 10:29:34,228 - start_pytomo.py:1259 - CRITICAL - CENTRALISE_DATA: False
2019-11-02 10:29:34,228 - start_pytomo.py:1259 - CRITICAL - HTTP_REDIRECT_USE_PROXY: 305
2019-11-02 10:29:34,228 - start_pytomo.py:1259 - CRITICAL - HTTP_REDIRECT_FOUND: 302
2019-11-02 10:29:34,228 - start_pytomo.py:1259 - CRITICAL - PING_PACKETS: 10
2019-11-02 10:29:34,228 - start_pytomo.py:1259 - CRITICAL - HD_FIRST: False
2019-11-02 10:29:34,228 - start_pytomo.py:1259 - CRITICAL - SKIP_COMPUTED: False
2019-11-02 10:29:34,228 - start_pytomo.py:1259 - CRITICAL - RESULT_DIR: results
2019-11-02 10:29:34,228 - start_pytomo.py:1259 - CRITICAL - LOG: <logging.Logger object at 0x7facf5801b90>
2019-11-02 10:29:34,228 - start_pytomo.py:1259 - CRITICAL - MAX_DOWNLOAD_TIME: 600.0
2019-11-02 10:29:34,228 - start_pytomo.py:1259 - CRITICAL - PDF_DIR: pdfs
2019-11-02 10:29:34,228 - start_pytomo.py:1259 - CRITICAL - snmp_pytomoStatusCode: .1.3.6.1.3.53.5.9.2.1.1.29
2019-11-02 10:29:34,228 - start_pytomo.py:1259 - CRITICAL - RRD_PLOT_DIR: images
2019-11-02 10:29:34,229 - start_pytomo.py:1259 - CRITICAL - snmp_pytomoUrlIndex: .1.3.6.1.3.53.5.9.2.1.1.1
2019-11-02 10:29:34,229 - start_pytomo.py:1259 - CRITICAL - LOG_LEVEL: 10
2019-11-02 10:29:34,229 - start_pytomo.py:1259 - CRITICAL - PDF_FILE: report.pdf
2019-11-02 10:29:34,229 - start_pytomo.py:1259 - CRITICAL - DOWNLOADED_BY_AS: {}
2019-11-02 10:29:34,229 - start_pytomo.py:1259 - CRITICAL - snmp_pytomoTimeTogetFirstByte: .1.3.6.1.3.53.5.9.2.1.1.26
2019-11-02 10:29:34,229 - start_pytomo.py:1259 - CRITICAL - snmp_pytomoDownloadDuration: .1.3.6.1.3.53.5.9.1.4
2019-11-02 10:29:34,229 - start_pytomo.py:1259 - CRITICAL - snmp_pytomoPingMin: .1.3.6.1.3.53.5.9.2.1.1.10
2019-11-02 10:29:34,229 - start_pytomo.py:1259 - CRITICAL - snmp_pytomoInitialPlaybackBuffer: .1.3.6.1.3.53.5.9.2.1.1.22
2019-11-02 10:29:34,229 - start_pytomo.py:1259 - CRITICAL - MIN_PLAYOUT_BUFFER: 0.1
2019-11-02 10:29:34,229 - start_pytomo.py:1259 - CRITICAL - TEMPLATE_FILE: index.html
2019-11-02 10:29:34,229 - start_pytomo.py:1259 - CRITICAL - snmp_pytomoInitialRate: .1.3.6.1.3.53.5.9.2.1.1.21
2019-11-02 10:29:34,229 - start_pytomo.py:1259 - CRITICAL - URL_IDX: 2
2019-11-02 10:29:34,229 - start_pytomo.py:1259 - CRITICAL - MAX_PER_URL: 10
2019-11-02 10:29:34,229 - start_pytomo.py:1259 - CRITICAL - TEMPLATES_DIR: templates
2019-11-02 10:29:34,229 - start_pytomo.py:1259 - CRITICAL - USE_PACKAGE_DIR: False
2019-11-02 10:29:34,229 - start_pytomo.py:1259 - CRITICAL - MAX_NB_REDIRECT: 10
2019-11-02 10:29:34,229 - start_pytomo.py:1259 - CRITICAL - LOG_FILE: pytomo.log
2019-11-02 10:29:34,229 - start_pytomo.py:1259 - CRITICAL - snmp_pytomoContact_str: Jean-Luc Sire / Pascal Beringuie 
2019-11-02 10:29:34,229 - start_pytomo.py:1259 - CRITICAL - snmp_pytomoService: .1.3.6.1.3.53.5.9.2.1.1.3
2019-11-02 10:29:34,229 - start_pytomo.py:1259 - CRITICAL - NB_IDENT_VALUES: 8
2019-11-02 10:29:34,229 - start_pytomo.py:1259 - CRITICAL - LOG_FILE_TIMESTAMP: /home/ubuntu/pytomo-assignment/logs/ip-172-31-28-36.youtube.http_server.pytomo.log
2019-11-02 10:29:34,229 - start_pytomo.py:1259 - CRITICAL - SYSTEM: None
2019-11-02 10:29:34,229 - start_pytomo.py:1259 - CRITICAL - snmp_pytomoTimeStamp: .1.3.6.1.3.53.5.9.2.1.1.2
2019-11-02 10:29:34,229 - start_pytomo.py:1259 - CRITICAL - snmp_pytomoObjectName_str: Pytomo instance
2019-11-02 10:29:34,229 - start_pytomo.py:1259 - CRITICAL - HTTP_REDIRECT_SEE_OTHER: 303
2019-11-02 10:29:34,229 - start_pytomo.py:1259 - CRITICAL - snmp_pytomoPingAvg: .1.3.6.1.3.53.5.9.2.1.1.11
2019-11-02 10:29:34,230 - start_pytomo.py:1259 - CRITICAL - HTTP_OK: 200
2019-11-02 10:29:34,230 - start_pytomo.py:1259 - CRITICAL - snmp_pytomoMaxInstantThp: .1.3.6.1.3.53.5.9.2.1.1.27
2019-11-02 10:29:34,230 - start_pytomo.py:1259 - CRITICAL - snmp_pytomoDownloadBytes: .1.3.6.1.3.53.5.9.2.1.1.18
2019-11-02 10:29:34,230 - start_pytomo.py:1259 - CRITICAL - HTTP_REDIRECT_NOT_MODIFIED: 304
2019-11-02 10:29:34,230 - webpage.py:309 - DEBUG - Initial database: databases/ip-172-31-28-36.youtube.2019-11-02.10_14_58.pytomo_database.db
2019-11-02 10:29:34,230 - webpage.py:319 - DEBUG - Launching server on port 5555
2019-11-02 10:29:57,072 - webpage.py:107 - DEBUG - Could not get a database specified by the user
2019-11-02 10:29:57,072 - webpage.py:110 - DEBUG - Database: databases/ip-172-31-28-36.youtube.2019-11-02.10_14_58.pytomo_database.db
2019-11-02 10:29:57,072 - lib_database.py:213 - INFO - Created connection to data base Database: ip-172-31-28-36.youtube.2019-11-02.10_14_58.pytomo_database.db
2019-11-02 10:29:57,073 - lib_database.py:213 - INFO - Created connection to data base Database: ip-172-31-28-36.youtube.2019-11-02.10_14_58.pytomo_database.db
2019-11-02 10:29:57,075 - webpage.py:140 - DEBUG - RRD operations start...
2019-11-02 10:29:57,075 - lib_rrdtools.py:302 - INFO - ============================
2019-11-02 10:29:57,075 - lib_rrdtools.py:303 - INFO - Parameters plotted by rrd: ['BufferDurationAtEnd', 'BufferingDuration', 'DownloadBytes', 'DownloadInterruptions', 'DownloadTime', 'EncodingRate', 'InitialData', 'InitialRate', 'MaxInstantThp', 'PingAvg', 'PingMax', 'PingMin', 'PlaybackDuration', 'ResolveTime', 'StatusCode', 'TimeTogetFirstByte', 'VideoDuration', 'VideoLength']
2019-11-02 10:29:57,075 - lib_database.py:213 - INFO - Created connection to data base Database: ip-172-31-28-36.youtube.2019-11-02.10_14_58.pytomo_database.db
2019-11-02 10:29:57,076 - lib_database.py:406 - DEBUG - Select command: SELECT BufferDurationAtEnd, BufferingDuration, DownloadBytes, DownloadInterruptions, DownloadTime, EncodingRate, InitialData, InitialRate, MaxInstantThp, PingAvg, PingMax, PingMin, PlaybackDuration, ResolveTime, StatusCode, TimeTogetFirstByte, VideoDuration, VideoLength, ID FROM pytomo_crawl_2019_11_02_10_14_58
2019-11-02 10:29:57,076 - lib_rrdtools.py:313 - INFO - Retrieved data for rrd. From database:  ip-172-31-28-36.youtube.2019-11-02.10_14_58.pytomo_database.db
2019-11-02 10:29:57,077 - lib_rrdtools.py:338 - DEBUG - Start time rrd: 1572689409
2019-11-02 10:29:57,077 - lib_rrdtools.py:341 - DEBUG - End time rrd: 1572690818
2019-11-02 10:29:57,077 - lib_rrdtools.py:357 - DEBUG - Data sources: ['DS:BufferDurationAtEnd:GAUGE:34:U:U', 'DS:BufferingDuration:GAUGE:34:U:U', 'DS:DownloadBytes:GAUGE:34:U:U', 'DS:DownloadInterruptio:GAUGE:34:U:U', 'DS:DownloadTime:GAUGE:34:U:U', 'DS:EncodingRate:GAUGE:34:U:U', 'DS:InitialData:GAUGE:34:U:U', 'DS:InitialRate:GAUGE:34:U:U', 'DS:MaxInstantThp:GAUGE:34:U:U', 'DS:PingAvg:GAUGE:34:U:U', 'DS:PingMax:GAUGE:34:U:U', 'DS:PingMin:GAUGE:34:U:U', 'DS:PlaybackDuration:GAUGE:34:U:U', 'DS:ResolveTime:GAUGE:34:U:U', 'DS:StatusCode:GAUGE:34:U:U', 'DS:TimeTogetFirstByte:GAUGE:34:U:U', 'DS:VideoDuration:GAUGE:34:U:U', 'DS:VideoLength:GAUGE:34:U:U']
2019-11-02 10:29:57,077 - lib_rrdtools.py:373 - DEBUG - Number of data generations kept: 50
2019-11-02 10:29:57,079 - lib_rrdtools.py:398 - INFO - Created rrd:  ip-172-31-28-36.youtube.1572689709.pytomo.rrd
2019-11-02 10:29:57,081 - lib_rrdtools.py:437 - DEBUG - Unknown values per parameter: [0, 0, 0, 0, 0, 0, 0, 0, 0, 0, 0, 0, 0, 0, 0, 0, 0, 0]
2019-11-02 10:29:57,099 - lib_rrdtools.py:513 - INFO - The rrd plot was updated:  ip-172-31-28-36.youtube.1572689709.BufferDurationAtEnd_pytomo_image.png
2019-11-02 10:29:57,099 - lib_rrdtools.py:514 - INFO - ============================
2019-11-02 10:29:57,106 - lib_rrdtools.py:513 - INFO - The rrd plot was updated:  ip-172-31-28-36.youtube.1572689709.BufferingDuration_pytomo_image.png
2019-11-02 10:29:57,106 - lib_rrdtools.py:514 - INFO - ============================
2019-11-02 10:29:57,113 - lib_rrdtools.py:513 - INFO - The rrd plot was updated:  ip-172-31-28-36.youtube.1572689709.DownloadBytes_pytomo_image.png
2019-11-02 10:29:57,113 - lib_rrdtools.py:514 - INFO - ============================
2019-11-02 10:29:57,120 - lib_rrdtools.py:513 - INFO - The rrd plot was updated:  ip-172-31-28-36.youtube.1572689709.DownloadInterruptions_pytomo_image.png
2019-11-02 10:29:57,120 - lib_rrdtools.py:514 - INFO - ============================
2019-11-02 10:29:57,127 - lib_rrdtools.py:513 - INFO - The rrd plot was updated:  ip-172-31-28-36.youtube.1572689709.DownloadTime_pytomo_image.png
2019-11-02 10:29:57,127 - lib_rrdtools.py:514 - INFO - ============================
2019-11-02 10:29:57,135 - lib_rrdtools.py:513 - INFO - The rrd plot was updated:  ip-172-31-28-36.youtube.1572689709.EncodingRate_pytomo_image.png
2019-11-02 10:29:57,135 - lib_rrdtools.py:514 - INFO - ============================
2019-11-02 10:29:57,142 - lib_rrdtools.py:513 - INFO - The rrd plot was updated:  ip-172-31-28-36.youtube.1572689709.InitialData_pytomo_image.png
2019-11-02 10:29:57,142 - lib_rrdtools.py:514 - INFO - ============================
2019-11-02 10:29:57,149 - lib_rrdtools.py:513 - INFO - The rrd plot was updated:  ip-172-31-28-36.youtube.1572689709.InitialRate_pytomo_image.png
2019-11-02 10:29:57,149 - lib_rrdtools.py:514 - INFO - ============================
2019-11-02 10:29:57,156 - lib_rrdtools.py:513 - INFO - The rrd plot was updated:  ip-172-31-28-36.youtube.1572689709.MaxInstantThp_pytomo_image.png
2019-11-02 10:29:57,157 - lib_rrdtools.py:514 - INFO - ============================
2019-11-02 10:29:57,164 - lib_rrdtools.py:513 - INFO - The rrd plot was updated:  ip-172-31-28-36.youtube.1572689709.PingAvg_pytomo_image.png
2019-11-02 10:29:57,164 - lib_rrdtools.py:514 - INFO - ============================
2019-11-02 10:29:57,171 - lib_rrdtools.py:513 - INFO - The rrd plot was updated:  ip-172-31-28-36.youtube.1572689709.PingMax_pytomo_image.png
2019-11-02 10:29:57,171 - lib_rrdtools.py:514 - INFO - ============================
2019-11-02 10:29:57,178 - lib_rrdtools.py:513 - INFO - The rrd plot was updated:  ip-172-31-28-36.youtube.1572689709.PingMin_pytomo_image.png
2019-11-02 10:29:57,178 - lib_rrdtools.py:514 - INFO - ============================
2019-11-02 10:29:57,185 - lib_rrdtools.py:513 - INFO - The rrd plot was updated:  ip-172-31-28-36.youtube.1572689709.PlaybackDuration_pytomo_image.png
2019-11-02 10:29:57,186 - lib_rrdtools.py:514 - INFO - ============================
2019-11-02 10:29:57,193 - lib_rrdtools.py:513 - INFO - The rrd plot was updated:  ip-172-31-28-36.youtube.1572689709.ResolveTime_pytomo_image.png
2019-11-02 10:29:57,193 - lib_rrdtools.py:514 - INFO - ============================
2019-11-02 10:29:57,201 - lib_rrdtools.py:513 - INFO - The rrd plot was updated:  ip-172-31-28-36.youtube.1572689709.StatusCode_pytomo_image.png
2019-11-02 10:29:57,201 - lib_rrdtools.py:514 - INFO - ============================
2019-11-02 10:29:57,208 - lib_rrdtools.py:513 - INFO - The rrd plot was updated:  ip-172-31-28-36.youtube.1572689709.TimeTogetFirstByte_pytomo_image.png
2019-11-02 10:29:57,208 - lib_rrdtools.py:514 - INFO - ============================
2019-11-02 10:29:57,215 - lib_rrdtools.py:513 - INFO - The rrd plot was updated:  ip-172-31-28-36.youtube.1572689709.VideoDuration_pytomo_image.png
2019-11-02 10:29:57,215 - lib_rrdtools.py:514 - INFO - ============================
2019-11-02 10:29:57,222 - lib_rrdtools.py:513 - INFO - The rrd plot was updated:  ip-172-31-28-36.youtube.1572689709.VideoLength_pytomo_image.png
2019-11-02 10:29:57,222 - lib_rrdtools.py:514 - INFO - ============================
2019-11-02 10:29:57,229 - lib_rrdtools.py:547 - INFO - The rrd plot was updated:  ip-172-31-28-36.youtube.1572689709.AvgThroughput_pytomo_image.png
2019-11-02 10:29:57,229 - lib_rrdtools.py:548 - INFO - ============================
2019-11-02 10:29:57,236 - lib_rrdtools.py:585 - INFO - The rrd plot was updated:  ip-172-31-28-36.youtube.1572689709.ReceptionRatio_pytomo_image.png
2019-11-02 10:29:57,236 - lib_rrdtools.py:586 - INFO - ============================
2019-11-02 10:29:57,243 - lib_rrdtools.py:614 - INFO - The rrd plot was updated:  ip-172-31-28-36.youtube.1572689709.AvgThroughput_pytomo_image.png
2019-11-02 10:29:57,243 - lib_rrdtools.py:615 - INFO - ============================
2019-11-02 10:29:57,243 - webpage.py:145 - DEBUG - RRD operations end...
2019-11-02 10:29:57,243 - lib_database.py:213 - INFO - Created connection to data base Database: ip-172-31-28-36.youtube.2019-11-02.10_14_58.pytomo_database.db
2019-11-02 10:29:57,244 - lib_database.py:406 - DEBUG - Select command: SELECT DownloadTime, DownloadInterruptions, PingAvg, ID FROM pytomo_crawl_2019_11_02_10_14_58
2019-11-02 10:29:57,244 - lib_database.py:213 - INFO - Created connection to data base Database: ip-172-31-28-36.youtube.2019-11-02.10_14_58.pytomo_database.db
2019-11-02 10:29:57,244 - lib_database.py:406 - DEBUG - Select command: SELECT Url, CacheUrl, Service, ID FROM pytomo_crawl_2019_11_02_10_14_58
2019-11-02 10:29:57,244 - lib_io.py:696 - ERROR - Problem opening file templates/start_template.html
2019-11-02 10:29:57,244 - webpage.py:147 - DEBUG - Start rendering page...
2019-11-02 10:29:57,245 - webpage.py:167 - DEBUG - Template file is open: /home/ubuntu/pytomo-assignment/templates/ip-172-31-28-36.youtube.1572689709. Main_Parameters_index.html
2019-11-02 10:29:57,245 - webpage.py:173 - DEBUG - End rendering page...
2019-11-02 10:29:58,088 - webpage.py:107 - DEBUG - Could not get a database specified by the user
2019-11-02 10:29:58,088 - webpage.py:110 - DEBUG - Database: databases/ip-172-31-28-36.youtube.2019-11-02.10_14_58.pytomo_database.db
2019-11-02 10:29:58,088 - lib_database.py:213 - INFO - Created connection to data base Database: ip-172-31-28-36.youtube.2019-11-02.10_14_58.pytomo_database.db
2019-11-02 10:29:58,088 - lib_database.py:213 - INFO - Created connection to data base Database: ip-172-31-28-36.youtube.2019-11-02.10_14_58.pytomo_database.db
2019-11-02 10:29:58,089 - webpage.py:140 - DEBUG - RRD operations start...
2019-11-02 10:29:58,089 - lib_rrdtools.py:302 - INFO - ============================
2019-11-02 10:29:58,089 - lib_rrdtools.py:303 - INFO - Parameters plotted by rrd: ['BufferDurationAtEnd', 'BufferingDuration', 'DownloadBytes', 'DownloadInterruptions', 'DownloadTime', 'EncodingRate', 'InitialData', 'InitialRate', 'MaxInstantThp', 'PingAvg', 'PingMax', 'PingMin', 'PlaybackDuration', 'ResolveTime', 'StatusCode', 'TimeTogetFirstByte', 'VideoDuration', 'VideoLength']
2019-11-02 10:29:58,089 - lib_database.py:213 - INFO - Created connection to data base Database: ip-172-31-28-36.youtube.2019-11-02.10_14_58.pytomo_database.db
2019-11-02 10:29:58,089 - lib_database.py:406 - DEBUG - Select command: SELECT BufferDurationAtEnd, BufferingDuration, DownloadBytes, DownloadInterruptions, DownloadTime, EncodingRate, InitialData, InitialRate, MaxInstantThp, PingAvg, PingMax, PingMin, PlaybackDuration, ResolveTime, StatusCode, TimeTogetFirstByte, VideoDuration, VideoLength, ID FROM pytomo_crawl_2019_11_02_10_14_58
2019-11-02 10:29:58,089 - lib_rrdtools.py:313 - INFO - Retrieved data for rrd. From database:  ip-172-31-28-36.youtube.2019-11-02.10_14_58.pytomo_database.db
2019-11-02 10:29:58,090 - lib_rrdtools.py:338 - DEBUG - Start time rrd: 1572689409
2019-11-02 10:29:58,090 - lib_rrdtools.py:341 - DEBUG - End time rrd: 1572690818
2019-11-02 10:29:58,090 - lib_rrdtools.py:357 - DEBUG - Data sources: ['DS:BufferDurationAtEnd:GAUGE:34:U:U', 'DS:BufferingDuration:GAUGE:34:U:U', 'DS:DownloadBytes:GAUGE:34:U:U', 'DS:DownloadInterruptio:GAUGE:34:U:U', 'DS:DownloadTime:GAUGE:34:U:U', 'DS:EncodingRate:GAUGE:34:U:U', 'DS:InitialData:GAUGE:34:U:U', 'DS:InitialRate:GAUGE:34:U:U', 'DS:MaxInstantThp:GAUGE:34:U:U', 'DS:PingAvg:GAUGE:34:U:U', 'DS:PingMax:GAUGE:34:U:U', 'DS:PingMin:GAUGE:34:U:U', 'DS:PlaybackDuration:GAUGE:34:U:U', 'DS:ResolveTime:GAUGE:34:U:U', 'DS:StatusCode:GAUGE:34:U:U', 'DS:TimeTogetFirstByte:GAUGE:34:U:U', 'DS:VideoDuration:GAUGE:34:U:U', 'DS:VideoLength:GAUGE:34:U:U']
2019-11-02 10:29:58,090 - lib_rrdtools.py:373 - DEBUG - Number of data generations kept: 50
2019-11-02 10:29:58,091 - lib_rrdtools.py:398 - INFO - Created rrd:  ip-172-31-28-36.youtube.1572689709.pytomo.rrd
2019-11-02 10:29:58,093 - lib_rrdtools.py:437 - DEBUG - Unknown values per parameter: [0, 0, 0, 0, 0, 0, 0, 0, 0, 0, 0, 0, 0, 0, 0, 0, 0, 0]
2019-11-02 10:29:58,100 - lib_rrdtools.py:513 - INFO - The rrd plot was updated:  ip-172-31-28-36.youtube.1572689709.BufferDurationAtEnd_pytomo_image.png
2019-11-02 10:29:58,100 - lib_rrdtools.py:514 - INFO - ============================
2019-11-02 10:29:58,106 - lib_rrdtools.py:513 - INFO - The rrd plot was updated:  ip-172-31-28-36.youtube.1572689709.BufferingDuration_pytomo_image.png
2019-11-02 10:29:58,107 - lib_rrdtools.py:514 - INFO - ============================
2019-11-02 10:29:58,113 - lib_rrdtools.py:513 - INFO - The rrd plot was updated:  ip-172-31-28-36.youtube.1572689709.DownloadBytes_pytomo_image.png
2019-11-02 10:29:58,113 - lib_rrdtools.py:514 - INFO - ============================
2019-11-02 10:29:58,120 - lib_rrdtools.py:513 - INFO - The rrd plot was updated:  ip-172-31-28-36.youtube.1572689709.DownloadInterruptions_pytomo_image.png
2019-11-02 10:29:58,120 - lib_rrdtools.py:514 - INFO - ============================
2019-11-02 10:29:58,128 - lib_rrdtools.py:513 - INFO - The rrd plot was updated:  ip-172-31-28-36.youtube.1572689709.DownloadTime_pytomo_image.png
2019-11-02 10:29:58,128 - lib_rrdtools.py:514 - INFO - ============================
2019-11-02 10:29:58,135 - lib_rrdtools.py:513 - INFO - The rrd plot was updated:  ip-172-31-28-36.youtube.1572689709.EncodingRate_pytomo_image.png
2019-11-02 10:29:58,135 - lib_rrdtools.py:514 - INFO - ============================
2019-11-02 10:29:58,142 - lib_rrdtools.py:513 - INFO - The rrd plot was updated:  ip-172-31-28-36.youtube.1572689709.InitialData_pytomo_image.png
2019-11-02 10:29:58,142 - lib_rrdtools.py:514 - INFO - ============================
2019-11-02 10:29:58,149 - lib_rrdtools.py:513 - INFO - The rrd plot was updated:  ip-172-31-28-36.youtube.1572689709.InitialRate_pytomo_image.png
2019-11-02 10:29:58,149 - lib_rrdtools.py:514 - INFO - ============================
2019-11-02 10:29:58,156 - lib_rrdtools.py:513 - INFO - The rrd plot was updated:  ip-172-31-28-36.youtube.1572689709.MaxInstantThp_pytomo_image.png
2019-11-02 10:29:58,156 - lib_rrdtools.py:514 - INFO - ============================
2019-11-02 10:29:58,163 - lib_rrdtools.py:513 - INFO - The rrd plot was updated:  ip-172-31-28-36.youtube.1572689709.PingAvg_pytomo_image.png
2019-11-02 10:29:58,164 - lib_rrdtools.py:514 - INFO - ============================
2019-11-02 10:29:58,171 - lib_rrdtools.py:513 - INFO - The rrd plot was updated:  ip-172-31-28-36.youtube.1572689709.PingMax_pytomo_image.png
2019-11-02 10:29:58,171 - lib_rrdtools.py:514 - INFO - ============================
2019-11-02 10:29:58,178 - lib_rrdtools.py:513 - INFO - The rrd plot was updated:  ip-172-31-28-36.youtube.1572689709.PingMin_pytomo_image.png
2019-11-02 10:29:58,178 - lib_rrdtools.py:514 - INFO - ============================
2019-11-02 10:29:58,185 - lib_rrdtools.py:513 - INFO - The rrd plot was updated:  ip-172-31-28-36.youtube.1572689709.PlaybackDuration_pytomo_image.png
2019-11-02 10:29:58,185 - lib_rrdtools.py:514 - INFO - ============================
2019-11-02 10:29:58,192 - lib_rrdtools.py:513 - INFO - The rrd plot was updated:  ip-172-31-28-36.youtube.1572689709.ResolveTime_pytomo_image.png
2019-11-02 10:29:58,192 - lib_rrdtools.py:514 - INFO - ============================
2019-11-02 10:29:58,200 - lib_rrdtools.py:513 - INFO - The rrd plot was updated:  ip-172-31-28-36.youtube.1572689709.StatusCode_pytomo_image.png
2019-11-02 10:29:58,200 - lib_rrdtools.py:514 - INFO - ============================
2019-11-02 10:29:58,207 - lib_rrdtools.py:513 - INFO - The rrd plot was updated:  ip-172-31-28-36.youtube.1572689709.TimeTogetFirstByte_pytomo_image.png
2019-11-02 10:29:58,207 - lib_rrdtools.py:514 - INFO - ============================
2019-11-02 10:29:58,214 - lib_rrdtools.py:513 - INFO - The rrd plot was updated:  ip-172-31-28-36.youtube.1572689709.VideoDuration_pytomo_image.png
2019-11-02 10:29:58,214 - lib_rrdtools.py:514 - INFO - ============================
2019-11-02 10:29:58,221 - lib_rrdtools.py:513 - INFO - The rrd plot was updated:  ip-172-31-28-36.youtube.1572689709.VideoLength_pytomo_image.png
2019-11-02 10:29:58,221 - lib_rrdtools.py:514 - INFO - ============================
2019-11-02 10:29:58,228 - lib_rrdtools.py:547 - INFO - The rrd plot was updated:  ip-172-31-28-36.youtube.1572689709.AvgThroughput_pytomo_image.png
2019-11-02 10:29:58,228 - lib_rrdtools.py:548 - INFO - ============================
2019-11-02 10:29:58,235 - lib_rrdtools.py:585 - INFO - The rrd plot was updated:  ip-172-31-28-36.youtube.1572689709.ReceptionRatio_pytomo_image.png
2019-11-02 10:29:58,235 - lib_rrdtools.py:586 - INFO - ============================
2019-11-02 10:29:58,242 - lib_rrdtools.py:614 - INFO - The rrd plot was updated:  ip-172-31-28-36.youtube.1572689709.AvgThroughput_pytomo_image.png
2019-11-02 10:29:58,242 - lib_rrdtools.py:615 - INFO - ============================
2019-11-02 10:29:58,242 - webpage.py:145 - DEBUG - RRD operations end...
2019-11-02 10:29:58,242 - lib_database.py:213 - INFO - Created connection to data base Database: ip-172-31-28-36.youtube.2019-11-02.10_14_58.pytomo_database.db
2019-11-02 10:29:58,242 - lib_database.py:406 - DEBUG - Select command: SELECT DownloadTime, DownloadInterruptions, PingAvg, ID FROM pytomo_crawl_2019_11_02_10_14_58
2019-11-02 10:29:58,243 - lib_database.py:213 - INFO - Created connection to data base Database: ip-172-31-28-36.youtube.2019-11-02.10_14_58.pytomo_database.db
2019-11-02 10:29:58,243 - lib_database.py:406 - DEBUG - Select command: SELECT Url, CacheUrl, Service, ID FROM pytomo_crawl_2019_11_02_10_14_58
2019-11-02 10:29:58,243 - lib_io.py:696 - ERROR - Problem opening file templates/start_template.html
2019-11-02 10:29:58,243 - webpage.py:147 - DEBUG - Start rendering page...
2019-11-02 10:29:58,243 - webpage.py:167 - DEBUG - Template file is open: /home/ubuntu/pytomo-assignment/templates/ip-172-31-28-36.youtube.1572689709. Main_Parameters_index.html
2019-11-02 10:29:58,243 - webpage.py:173 - DEBUG - End rendering page...
